<?xml version="1.0" encoding="UTF-8"?>
<!-- Generated by org.testng.reporters.JUnitReportReporter -->
<testsuite skipped="0" hostname="DESKTOP-I7NM2OR" name="com.bankguru.login.Login_03_Dynamic_Page_Element_Json" tests="1" failures="0" timestamp="02 Aug 2020 06:40:35 GMT" time="0.008" errors="0">
  <testcase name="TC_01_New_Customer" time="0.008" classname="com.bankguru.login.Login_03_Dynamic_Page_Element_Json"/>
</testsuite> <!-- com.bankguru.login.Login_03_Dynamic_Page_Element_Json -->
