<?xml version="1.0" encoding="UTF-8"?>
<!-- Generated by org.testng.reporters.JUnitReportReporter -->
<testsuite skipped="0" hostname="DESKTOP-I7NM2OR" name="com.saucelab.sort.Sort_Asc_Desc" tests="2" failures="0" timestamp="02 Aug 2020 06:36:07 GMT" time="7.802" errors="0">
  <testcase name="TC_01_Sort_Name" time="1.401" classname="com.saucelab.sort.Sort_Asc_Desc"/>
  <testcase name="TC_01_Sort_Name" time="6.401" classname="com.saucelab.sort.Sort_Asc_Desc"/>
</testsuite> <!-- com.saucelab.sort.Sort_Asc_Desc -->
